13726
13517
12282
12231
11973
12725
15177
13183
12939
12461
12690
15014
13660
11949
12403
14652
13466
12937
12030
14321
16042
13016
13077
14389
14813
12317
12340
13423
12794
13869
14311
13406
13778
12400
15810
15126
13158
15030
14278
14569
14836
12714
13079
11464
12741
14109
11905
13157
12163
13189
11951
15738
11891
13206
12105
13946
12032
13459
13978
14331
12750
12466
11699
11856
13957
14085
14744
11731
11744
17195
11706
15770
13335
11755
12473
17035
14555
12026
12847
14197
12159
13057
14914
12083
12148
17704
14555
11554
12555
17238
32092
18114
15564
15972
13345
14678
11602
12120
16549
12626
