4336
5428
10199
5405
2521
3754
7752
5516
6092
10748
6453
2030
3963
4172
7866
14685
3992
9745
6633
5100
6145
4979
4718
11799
7551
4953
14200
15489
3936
2327
4108
2272
5620
9028
4173
2542
2325
2022
12700
11004
7772
2762
1947
31536
5210
1944
2669
2191
6140
2310
9268
4077
2529
8061
9459
17099
4700
5453
5581
9873
7095
13546
10891
2502
5616
8580
2119
2180
23896
2037
3596
8813
8991
2588
4654
4631
2558
2352
14033
2543
10189
7557
8108
13471
5862
9549
2471
3951
7972
2440
6861
12238
4962
10049
7042
5616
5564
2455
20077
11480
