230044
43290
268527
101828
146584
196717
150370
43223
102665
73259
120144
41645
137918
150062
149842
227404
412999
270481
75458
89879
193511
44262
146994
86740
101515
104957
132077
182893
92272
25912
163779
75236
116409
135227
116677
152275
89509
70953
193984
75954
74216
40298
30309
197536
56296
62145
122891
152500
60732
196109
181517
73872
58853
72962
349310
85970
192595
116013
133564
57647
151331
88800
213220
120705
213877
119130
86624
70286
183215
252976
120060
134532
104604
71703
71819
240485
210086
166570
120326
135257
238087
100185
118223
135829
252342
86152
44417
180672
60078
41993
150283
147395
122358
196065
208328
212669
255170
198942
335321
27251
