17592
19426
17666
17032
19025
19256
19439
19501
18503
21608
17792
23462
19499
19482
20236
21449
17150
19083
19226
19306
19714
17006
17556
16646
23674
16695
18988
19760
22977
17640
17751
19488
19983
19979
19060
21548
19818
18468
20352
17279
19410
21209
17043
16799
16827
18187
21736
17284
20124
17135
17300
21372
20778
18664
16794
22888
19224
18947
22971
22064
18023
19444
19825
20812
20332
18813
16533
19997
19929
17882
18253
17147
17709
20412
19975
17073
16464
18962
18617
24776
16750
16573
16805
20296
17884
17678
19617
18070
23460
21708
19235
18215
23446
19895
17630
18594
19091
17168
21614
18484
