12238
58257
8957
11112
14285
10625
9567
13918
11596
15991
46635
12739
11776
26777
33086
43435
10686
42274
13147
43083
11698
14845
12542
11642
14083
12574
15902
28268
11961
12934
12423
14127
31952
9935
9835
10513
9265
15014
13287
12334
10104
58688
9978
14070
47221
10589
15027
10912
31719
31699
15727
11292
15903
9801
30657
26663
11443
10342
30160
11829
12581
10211
15777
11965
9697
26346
15634
10222
13800
14847
15262
17256
14775
11919
11975
12841
15323
13431
11939
15607
13014
10551
16505
11732
31495
12352
11974
10273
59794
27356
16122
15773
14762
10891
10687
9493
16094
16039
25209
43727
