3908850
586542
1845348
1414674
556790
2213769
477306
1288598
1273619
572198
1156180
1261910
1413589
972779
581184
1670923
1370907
5458035
870803
302586
871724
915488
1820172
494020
2116499
2402213
2733549
1382699
1036908
1335041
2061921
2090779
1125789
1530596
1533171
1852175
615148
1124101
467040
478633
587247
452685
618002
1052778
2016139
1879406
9976664
479035
1802586
1156588
2328536
1324743
1579914
778056
581818
837621
5128424
763779
512029
2642899
3127229
827708
566807
868383
885976
2330989
4965243
1545299
3747455
1094954
1173912
3323432
945850
1476257
1802832
1786624
2180791
4012551
975525
886530
448057
941789
947546
1274913
979511
1606369
582257
400487
1816487
902527
596957
900602
658133
1273437
3440787
505566
1185956
3958559
1048435
1048435
