17328
16171
10444
16472
15645
16747
16264
14174
28654
84401
16197
10985
9809
17722
51264
14800
16539
61298
15376
18311
11460
12546
14098
68263
10298
14437
11619
15746
81559
15596
12186
15788
13476
17013
12223
13929
13902
11805
13266
31996
15337
16684
32083
12914
13309
16076
12728
65649
13705
9514
14078
18184
13977
10525
15557
13397
51254
11288
17012
9626
81514
14978
14590
14558
17077
14015
13226
93393
13905
14248
16634
48088
16181
16550
15341
11626
14296
11089
86697
16148
10677
33990
102551
14344
10548
11726
11159
18245
68104
13371
16436
15498
44477
12449
13665
15574
10400
15404
62175
18111
