3835
3451
3700
42269
3277
3550
30890
15731
3936
6366
42580
3359
4091
4376
3734
3882
3810
18196
4524
3232
3669
8384
3628
14146
4537
4401
14388
3575
3960
3503
12811
5455
3243
22959
20473
17207
5043
3297
14274
3897
4009
3820
3480
4228
3213
10994
4055
7518
3460
3618
13954
3714
3003
4276
4722
3235
3060
3738
4244
46180
4377
4590
3736
3941
3789
4027
15391
4293
11120
3271
11104
6291
3479
3918
3896
3830
15645
4081
3618
4031
4186
6120
3874
3132
14776
6975
4833
14460
4513
9124
3260
10824
3274
3477
3381
4310
4273
3541
3057
3800
