4391
6427
7598
5796
7248
5914
6082
6862
4213
6328
4890
4367
10819
4417
6814
3916
6230
7832
7208
5742
7348
6196
5156
6653
5557
5027
5683
5588
5405
5487
4980
6876
6081
5164
5952
4954
11817
5298
5778
5727
7668
5130
6542
5623
5903
6082
7682
10469
4671
7511
7298
4720
6267
6452
7724
7080
5590
4582
5479
4927
4678
9356
6243
5820
4698
6436
5853
4552
7169
5353
4610
4610
4912
6523
5524
6045
5765
5190
5199
5910
5433
5487
4758
4361
6343
14179
4052
5885
12634
6241
7527
5204
4695
6491
6519
6206
6736
7296
5891
6667
